<?xml version="1.0" encoding="UTF-8"?>
<!-- Generated by org.testng.reporters.JUnitReportReporter -->
<testsuite hostname="admins-MacBook-Pro.local" failures="0" tests="2" name="TestNGPractise15Dec.Etv" time="50.053" errors="0" timestamp="2023-12-15T12:02:45 IST" skipped="0">
  <testcase classname="TestNGPractise15Dec.Etv" name="etvM" time="15.302"/>
  <system-out/>
  <testcase classname="TestNGPractise15Dec.Etv" name="etvM" time="34.751"/>
  <system-out/>
</testsuite> <!-- TestNGPractise15Dec.Etv -->
