<?xml version="1.0" encoding="UTF-8"?>
<!-- Generated by org.testng.reporters.JUnitReportReporter -->
<testsuite hostname="admins-MacBook-Pro.local" failures="0" tests="1" name="configurationAnnotation.Cart" time="0.011" errors="0" timestamp="2023-12-15T17:51:39 IST" skipped="0">
  <testcase classname="configurationAnnotation.Cart" name="cart" time="0.011"/>
  <system-out>
Add to cart//////  </system-out>
</testsuite> <!-- configurationAnnotation.Cart -->
