<?xml version="1.0" encoding="UTF-8"?>
<!-- Generated by org.testng.reporters.JUnitReportReporter -->
<testsuite hostname="admins-MacBook-Pro.local" failures="0" tests="1" name="configurationAnnotation.Demo" time="0.003" errors="0" timestamp="2023-12-15T17:51:39 IST" skipped="0">
  <testcase classname="configurationAnnotation.Demo" name="login" time="0.003"/>
  <system-out>
Login with credentials////////  </system-out>
</testsuite> <!-- configurationAnnotation.Demo -->
