<?xml version="1.0" encoding="UTF-8"?>
<!-- Generated by org.testng.reporters.JUnitReportReporter -->
<testsuite hostname="admins-MacBook-Pro.local" failures="0" tests="1" name="dummy.Police" time="29.605" errors="0" timestamp="2023-12-14T16:40:22 IST" skipped="0">
  <testcase classname="dummy.Police" name="policeGroup" time="29.605"/>
  <system-out>
Police  </system-out>
</testsuite> <!-- dummy.Police -->
