<?xml version="1.0" encoding="UTF-8"?>
<!-- Generated by org.testng.reporters.JUnitReportReporter -->
<testsuite hostname="admins-MacBook-Pro.local" failures="0" tests="2" name="TestNGCrossBrowser.CourseEra" time="46.214" errors="0" timestamp="2023-12-14T17:56:44 IST" skipped="0">
  <testcase classname="TestNGCrossBrowser.CourseEra" name="courseEraM" time="8.788"/>
  <system-out/>
  <testcase classname="TestNGCrossBrowser.CourseEra" name="courseEraM" time="37.426"/>
  <system-out/>
</testsuite> <!-- TestNGCrossBrowser.CourseEra -->
