<?xml version="1.0" encoding="UTF-8"?>
<!-- Generated by org.testng.reporters.JUnitReportReporter -->
<testsuite hostname="admins-MacBook-Pro.local" failures="0" tests="2" name="DataProvider.workingWithDataProvider2DArray" time="14.301" errors="0" timestamp="2023-12-19T11:10:26 IST" skipped="0">
  <testcase classname="DataProvider.workingWithDataProvider2DArray" name="demoWebShopLogin" time="6.491"/>
  <system-out/>
  <testcase classname="DataProvider.workingWithDataProvider2DArray" name="demoWebShopLogin" time="7.810"/>
  <system-out/>
</testsuite> <!-- DataProvider.workingWithDataProvider2DArray -->
