<?xml version="1.0" encoding="UTF-8"?>
<!-- Generated by org.testng.reporters.JUnitReportReporter -->
<testsuite hostname="admins-MacBook-Pro.local" failures="0" tests="2" name="DataProvider.loginUsingXlsx" time="14.889" errors="0" timestamp="2023-12-19T11:50:46 IST" skipped="0">
  <testcase classname="DataProvider.loginUsingXlsx" name="demoWebShopLogin" time="8.120"/>
  <system-out/>
  <testcase classname="DataProvider.loginUsingXlsx" name="demoWebShopLogin" time="6.769"/>
  <system-out/>
</testsuite> <!-- DataProvider.loginUsingXlsx -->
