<?xml version="1.0" encoding="UTF-8"?>
<!-- Generated by org.testng.reporters.JUnitReportReporter -->
<testsuite hostname="admins-MacBook-Pro.local" failures="0" tests="1" name="dummy.rado" time="7.511" errors="0" timestamp="2023-12-14T16:40:22 IST" skipped="0">
  <testcase classname="dummy.rado" name="radoGroup" time="7.511"/>
  <system-out>
rado  </system-out>
</testsuite> <!-- dummy.rado -->
