<?xml version="1.0" encoding="UTF-8"?>
<!-- Generated by org.testng.reporters.JUnitReportReporter -->
<testsuite hostname="admins-MacBook-Pro.local" failures="0" tests="1" name="dummy1.Boat" time="58.224" errors="0" timestamp="2023-12-14T10:43:36 IST" skipped="0">
  <testcase classname="dummy1.Boat" name="boatHP" time="58.224"/>
  <system-out/>
</testsuite> <!-- dummy1.Boat -->
