<?xml version="1.0" encoding="UTF-8"?>
<!-- Generated by org.testng.reporters.JUnitReportReporter -->
<testsuite hostname="admins-MacBook-Pro.local" failures="0" tests="4" name="TestNG.dependencyAttribute" time="21.709" errors="0" timestamp="2023-12-13T17:57:28 IST" skipped="0">
  <testcase classname="TestNG.dependencyAttribute" name="b" time="3.977"/>
  <system-out>
b  </system-out>
  <testcase classname="TestNG.dependencyAttribute" name="d" time="6.389"/>
  <system-out>
d  </system-out>
  <testcase classname="TestNG.dependencyAttribute" name="c" time="4.172"/>
  <system-out>
c  </system-out>
  <testcase classname="TestNG.dependencyAttribute" name="a" time="7.171"/>
  <system-out>
a  </system-out>
</testsuite> <!-- TestNG.dependencyAttribute -->
