<?xml version="1.0" encoding="UTF-8"?>
<!-- Generated by org.testng.reporters.JUnitReportReporter -->
<testsuite hostname="admins-MacBook-Pro.local" failures="0" tests="1" name="configurationAnnotation.register" time="0.004" errors="0" timestamp="2023-12-15T17:51:39 IST" skipped="0">
  <testcase classname="configurationAnnotation.register" name="Register" time="0.004"/>
  <system-out>
Register for user////////  </system-out>
</testsuite> <!-- configurationAnnotation.register -->
