<?xml version="1.0" encoding="UTF-8"?>
<!-- Generated by org.testng.reporters.JUnitReportReporter -->
<testsuite hostname="admins-MacBook-Pro.local" failures="0" tests="3" name="TestNG.HelperClass1" time="13.197" errors="0" timestamp="2023-12-13T16:02:17 IST" skipped="1">
  <testcase classname="TestNG.HelperClass1" name="laliga" time="8.086"/>
  <system-out/>
  <testcase classname="TestNG.HelperClass1" name="isl" time="5.111"/>
  <system-out/>
  <testcase classname="TestNG.HelperClass1" name="pl">
    <skipped/>
  </testcase> <!-- pl -->
  <system-out/>
</testsuite> <!-- TestNG.HelperClass1 -->
