<?xml version="1.0" encoding="UTF-8"?>
<!-- Generated by org.testng.reporters.JUnitReportReporter -->
<testsuite hostname="admins-MacBook-Pro.local" failures="0" tests="6" name="DataProvider.register" time="62.567" errors="0" timestamp="2023-12-19T16:27:18 IST" skipped="0">
  <testcase classname="DataProvider.register" name="register" time="10.295"/>
  <system-out/>
  <testcase classname="DataProvider.register" name="register" time="9.685"/>
  <system-out/>
  <testcase classname="DataProvider.register" name="register" time="8.423"/>
  <system-out/>
  <testcase classname="DataProvider.register" name="register" time="14.861"/>
  <system-out/>
  <testcase classname="DataProvider.register" name="register" time="9.119"/>
  <system-out/>
  <testcase classname="DataProvider.register" name="register" time="10.184"/>
  <system-out/>
</testsuite> <!-- DataProvider.register -->
