<?xml version="1.0" encoding="UTF-8"?>
<!-- Generated by org.testng.reporters.JUnitReportReporter -->
<testsuite hostname="admins-MacBook-Pro.local" failures="0" tests="1" name="dummy.Ethos" time="25.213" errors="0" timestamp="2023-12-14T12:19:12 IST" skipped="0">
  <testcase classname="dummy.Ethos" name="ethosGroup" time="25.213"/>
  <system-out>
Ethos  </system-out>
</testsuite> <!-- dummy.Ethos -->
