<?xml version="1.0" encoding="UTF-8"?>
<!-- Generated by org.testng.reporters.JUnitReportReporter -->
<testsuite hostname="admins-MacBook-Pro.local" failures="0" tests="5" name="DataProvider.workingWithDataProvider" time="27.255" errors="0" timestamp="2023-12-19T09:32:46 IST" skipped="0">
  <testcase classname="DataProvider.workingWithDataProvider" name="testingUserNameTextFeild" time="3.661"/>
  <system-out/>
  <testcase classname="DataProvider.workingWithDataProvider" name="testingUserNameTextFeild" time="11.996"/>
  <system-out/>
  <testcase classname="DataProvider.workingWithDataProvider" name="testingUserNameTextFeild" time="3.887"/>
  <system-out/>
  <testcase classname="DataProvider.workingWithDataProvider" name="testingUserNameTextFeild" time="3.922"/>
  <system-out/>
  <testcase classname="DataProvider.workingWithDataProvider" name="testingUserNameTextFeild" time="3.789"/>
  <system-out/>
</testsuite> <!-- DataProvider.workingWithDataProvider -->
