<?xml version="1.0" encoding="UTF-8"?>
<!-- Generated by org.testng.reporters.JUnitReportReporter -->
<testsuite hostname="admins-MacBook-Pro.local" failures="0" tests="2" name="TestNGPractise15Dec.aajtak" time="79.958" errors="0" timestamp="2023-12-15T12:02:45 IST" skipped="0">
  <testcase classname="TestNGPractise15Dec.aajtak" name="aajTakM" time="57.341"/>
  <system-out/>
  <testcase classname="TestNGPractise15Dec.aajtak" name="aajTakM" time="22.617"/>
  <system-out/>
</testsuite> <!-- TestNGPractise15Dec.aajtak -->
