<?xml version="1.0" encoding="UTF-8"?>
<!-- Generated by org.testng.reporters.JUnitReportReporter -->
<testsuite hostname="admins-MacBook-Pro.local" failures="0" tests="1" name="dummy1.Jabra" time="54.858" errors="0" timestamp="2023-12-14T10:43:36 IST" skipped="0">
  <testcase classname="dummy1.Jabra" name="jabraHP" time="54.858"/>
  <system-out/>
</testsuite> <!-- dummy1.Jabra -->
